Copyright 1986-2022 Xilinx, Inc. All Rights Reserved. Copyright 2022-2023 Advanced Micro Devices, Inc. All Rights Reserved.
--------------------------------------------------------------------------------------------------------------------------------------------------------------------------
| Tool Version : Vivado v.2023.2 (win64) Build 4029153 Fri Oct 13 20:14:34 MDT 2023
| Date         : Sat Apr 12 00:42:27 2025
| Host         : Ideapad_S340 running 64-bit major release  (build 9200)
| Command      : report_methodology -file alchitry_top_methodology_drc_routed.rpt -pb alchitry_top_methodology_drc_routed.pb -rpx alchitry_top_methodology_drc_routed.rpx
| Design       : alchitry_top
| Device       : xc7a35tftg256-1
| Speed File   : -1
| Design State : Fully Routed
--------------------------------------------------------------------------------------------------------------------------------------------------------------------------

Report Methodology

Table of Contents
-----------------
1. REPORT SUMMARY
2. REPORT DETAILS

1. REPORT SUMMARY
-----------------
            Netlist: netlist
          Floorplan: design_1
      Design limits: <entire design considered>
             Max violations: <unlimited>
             Violations found: 46
+-----------+----------+-------------------------------+------------+
| Rule      | Severity | Description                   | Violations |
+-----------+----------+-------------------------------+------------+
| TIMING-18 | Warning  | Missing input or output delay | 46         |
+-----------+----------+-------------------------------+------------+

2. REPORT DETAILS
-----------------
TIMING-18#1 Warning
Missing input or output delay  
An input delay is missing on io_button[0] relative to the rising and/or falling clock edge(s) of clk_0.
Related violations: <none>

TIMING-18#2 Warning
Missing input or output delay  
An input delay is missing on io_button[1] relative to the rising and/or falling clock edge(s) of clk_0.
Related violations: <none>

TIMING-18#3 Warning
Missing input or output delay  
An input delay is missing on row[0] relative to the rising and/or falling clock edge(s) of clk_0.
Related violations: <none>

TIMING-18#4 Warning
Missing input or output delay  
An input delay is missing on row[1] relative to the rising and/or falling clock edge(s) of clk_0.
Related violations: <none>

TIMING-18#5 Warning
Missing input or output delay  
An input delay is missing on row[2] relative to the rising and/or falling clock edge(s) of clk_0.
Related violations: <none>

TIMING-18#6 Warning
Missing input or output delay  
An input delay is missing on row[3] relative to the rising and/or falling clock edge(s) of clk_0.
Related violations: <none>

TIMING-18#7 Warning
Missing input or output delay  
An input delay is missing on rst_n relative to the rising and/or falling clock edge(s) of clk_0.
Related violations: <none>

TIMING-18#8 Warning
Missing input or output delay  
An output delay is missing on col[0] relative to the rising and/or falling clock edge(s) of clk_0.
Related violations: <none>

TIMING-18#9 Warning
Missing input or output delay  
An output delay is missing on col[1] relative to the rising and/or falling clock edge(s) of clk_0.
Related violations: <none>

TIMING-18#10 Warning
Missing input or output delay  
An output delay is missing on col[2] relative to the rising and/or falling clock edge(s) of clk_0.
Related violations: <none>

TIMING-18#11 Warning
Missing input or output delay  
An output delay is missing on col[3] relative to the rising and/or falling clock edge(s) of clk_0.
Related violations: <none>

TIMING-18#12 Warning
Missing input or output delay  
An output delay is missing on io_led[0] relative to the rising and/or falling clock edge(s) of clk_0.
Related violations: <none>

TIMING-18#13 Warning
Missing input or output delay  
An output delay is missing on io_led[1] relative to the rising and/or falling clock edge(s) of clk_0.
Related violations: <none>

TIMING-18#14 Warning
Missing input or output delay  
An output delay is missing on io_led[2] relative to the rising and/or falling clock edge(s) of clk_0.
Related violations: <none>

TIMING-18#15 Warning
Missing input or output delay  
An output delay is missing on io_led[3] relative to the rising and/or falling clock edge(s) of clk_0.
Related violations: <none>

TIMING-18#16 Warning
Missing input or output delay  
An output delay is missing on io_led[4] relative to the rising and/or falling clock edge(s) of clk_0.
Related violations: <none>

TIMING-18#17 Warning
Missing input or output delay  
An output delay is missing on io_led[5] relative to the rising and/or falling clock edge(s) of clk_0.
Related violations: <none>

TIMING-18#18 Warning
Missing input or output delay  
An output delay is missing on io_led[6] relative to the rising and/or falling clock edge(s) of clk_0.
Related violations: <none>

TIMING-18#19 Warning
Missing input or output delay  
An output delay is missing on io_led[7] relative to the rising and/or falling clock edge(s) of clk_0.
Related violations: <none>

TIMING-18#20 Warning
Missing input or output delay  
An output delay is missing on io_segment[0] relative to the rising and/or falling clock edge(s) of clk_0.
Related violations: <none>

TIMING-18#21 Warning
Missing input or output delay  
An output delay is missing on io_segment[1] relative to the rising and/or falling clock edge(s) of clk_0.
Related violations: <none>

TIMING-18#22 Warning
Missing input or output delay  
An output delay is missing on io_segment[2] relative to the rising and/or falling clock edge(s) of clk_0.
Related violations: <none>

TIMING-18#23 Warning
Missing input or output delay  
An output delay is missing on io_segment[3] relative to the rising and/or falling clock edge(s) of clk_0.
Related violations: <none>

TIMING-18#24 Warning
Missing input or output delay  
An output delay is missing on io_segment[4] relative to the rising and/or falling clock edge(s) of clk_0.
Related violations: <none>

TIMING-18#25 Warning
Missing input or output delay  
An output delay is missing on io_segment[5] relative to the rising and/or falling clock edge(s) of clk_0.
Related violations: <none>

TIMING-18#26 Warning
Missing input or output delay  
An output delay is missing on io_segment[6] relative to the rising and/or falling clock edge(s) of clk_0.
Related violations: <none>

TIMING-18#27 Warning
Missing input or output delay  
An output delay is missing on led_grid[0] relative to the rising and/or falling clock edge(s) of clk_0.
Related violations: <none>

TIMING-18#28 Warning
Missing input or output delay  
An output delay is missing on led_grid[10] relative to the rising and/or falling clock edge(s) of clk_0.
Related violations: <none>

TIMING-18#29 Warning
Missing input or output delay  
An output delay is missing on led_grid[11] relative to the rising and/or falling clock edge(s) of clk_0.
Related violations: <none>

TIMING-18#30 Warning
Missing input or output delay  
An output delay is missing on led_grid[12] relative to the rising and/or falling clock edge(s) of clk_0.
Related violations: <none>

TIMING-18#31 Warning
Missing input or output delay  
An output delay is missing on led_grid[13] relative to the rising and/or falling clock edge(s) of clk_0.
Related violations: <none>

TIMING-18#32 Warning
Missing input or output delay  
An output delay is missing on led_grid[14] relative to the rising and/or falling clock edge(s) of clk_0.
Related violations: <none>

TIMING-18#33 Warning
Missing input or output delay  
An output delay is missing on led_grid[15] relative to the rising and/or falling clock edge(s) of clk_0.
Related violations: <none>

TIMING-18#34 Warning
Missing input or output delay  
An output delay is missing on led_grid[1] relative to the rising and/or falling clock edge(s) of clk_0.
Related violations: <none>

TIMING-18#35 Warning
Missing input or output delay  
An output delay is missing on led_grid[2] relative to the rising and/or falling clock edge(s) of clk_0.
Related violations: <none>

TIMING-18#36 Warning
Missing input or output delay  
An output delay is missing on led_grid[3] relative to the rising and/or falling clock edge(s) of clk_0.
Related violations: <none>

TIMING-18#37 Warning
Missing input or output delay  
An output delay is missing on led_grid[4] relative to the rising and/or falling clock edge(s) of clk_0.
Related violations: <none>

TIMING-18#38 Warning
Missing input or output delay  
An output delay is missing on led_grid[5] relative to the rising and/or falling clock edge(s) of clk_0.
Related violations: <none>

TIMING-18#39 Warning
Missing input or output delay  
An output delay is missing on led_grid[6] relative to the rising and/or falling clock edge(s) of clk_0.
Related violations: <none>

TIMING-18#40 Warning
Missing input or output delay  
An output delay is missing on led_grid[7] relative to the rising and/or falling clock edge(s) of clk_0.
Related violations: <none>

TIMING-18#41 Warning
Missing input or output delay  
An output delay is missing on led_grid[8] relative to the rising and/or falling clock edge(s) of clk_0.
Related violations: <none>

TIMING-18#42 Warning
Missing input or output delay  
An output delay is missing on led_grid[9] relative to the rising and/or falling clock edge(s) of clk_0.
Related violations: <none>

TIMING-18#43 Warning
Missing input or output delay  
An output delay is missing on seg_selector[0] relative to the rising and/or falling clock edge(s) of clk_0.
Related violations: <none>

TIMING-18#44 Warning
Missing input or output delay  
An output delay is missing on seg_selector[1] relative to the rising and/or falling clock edge(s) of clk_0.
Related violations: <none>

TIMING-18#45 Warning
Missing input or output delay  
An output delay is missing on seg_selector[2] relative to the rising and/or falling clock edge(s) of clk_0.
Related violations: <none>

TIMING-18#46 Warning
Missing input or output delay  
An output delay is missing on seg_selector[3] relative to the rising and/or falling clock edge(s) of clk_0.
Related violations: <none>


