
*** Running vivado
    with args -log alchitry_top.vdi -applog -m64 -product Vivado -messageDb vivado.pb -mode batch -source alchitry_top.tcl -notrace


ECHO is off.
ECHO is off.

****** Vivado v2023.2 (64-bit)
  **** SW Build 4029153 on Fri Oct 13 20:14:34 MDT 2023
  **** IP Build 4028589 on Sat Oct 14 00:45:43 MDT 2023
  **** SharedData Build 4025554 on Tue Oct 10 17:18:54 MDT 2023
    ** Copyright 1986-2022 Xilinx, Inc. All Rights Reserved.
    ** Copyright 2022-2023 Advanced Micro Devices, Inc. All Rights Reserved.

source alchitry_top.tcl -notrace
create_project: Time (s): cpu = 00:00:10 ; elapsed = 00:00:11 . Memory (MB): peak = 472.898 ; gain = 176.383
Command: link_design -top alchitry_top -part xc7a35tftg256-1
Design is defaulting to srcset: sources_1
Design is defaulting to constrset: constrs_1
INFO: [Device 21-403] Loading part xc7a35tftg256-1
Netlist sorting complete. Time (s): cpu = 00:00:00 ; elapsed = 00:00:00.025 . Memory (MB): peak = 870.504 ; gain = 0.000
INFO: [Netlist 29-17] Analyzing 368 Unisim elements for replacement
INFO: [Netlist 29-28] Unisim Transformation completed in 0 CPU seconds
WARNING: [Netlist 29-101] Netlist 'alchitry_top' is not ideal for floorplanning, since the cellview 'simple_ram' contains a large number of primitives.  Please consider enabling hierarchy in synthesis if you want to do floorplanning.
INFO: [Project 1-479] Netlist was created with Vivado 2023.2
INFO: [Project 1-570] Preparing netlist for logic optimization
Parsing XDC File [C:/Users/weiya/OneDrive/Desktop/lab3/1d-project-cl03-group-35/build/constraint/alchitry.xdc]
INFO: [Timing 38-35] Done setting XDC timing constraints. [C:/Users/weiya/OneDrive/Desktop/lab3/1d-project-cl03-group-35/build/constraint/alchitry.xdc:5]
get_clocks: Time (s): cpu = 00:00:12 ; elapsed = 00:00:13 . Memory (MB): peak = 1574.551 ; gain = 578.965
Finished Parsing XDC File [C:/Users/weiya/OneDrive/Desktop/lab3/1d-project-cl03-group-35/build/constraint/alchitry.xdc]
Parsing XDC File [C:/Users/weiya/OneDrive/Desktop/lab3/1d-project-cl03-group-35/build/constraint/au_props.xdc]
Finished Parsing XDC File [C:/Users/weiya/OneDrive/Desktop/lab3/1d-project-cl03-group-35/build/constraint/au_props.xdc]
INFO: [Opt 31-138] Pushed 0 inverter(s) to 0 load pin(s).
Netlist sorting complete. Time (s): cpu = 00:00:00 ; elapsed = 00:00:00.001 . Memory (MB): peak = 1574.551 ; gain = 0.000
INFO: [Project 1-111] Unisim Transformation Summary:
No Unisim elements were transformed.

The system cannot find the path specified.
8 Infos, 1 Warnings, 0 Critical Warnings and 0 Errors encountered.
link_design completed successfully
link_design: Time (s): cpu = 00:00:22 ; elapsed = 00:00:24 . Memory (MB): peak = 1574.551 ; gain = 1101.652
Command: opt_design
Attempting to get a license for feature 'Implementation' and/or device 'xc7a35t'
INFO: [Common 17-349] Got license for feature 'Implementation' and/or device 'xc7a35t'
Running DRC as a precondition to command opt_design

Starting DRC Task
INFO: [DRC 23-27] Running DRC with 2 threads
INFO: [Project 1-461] DRC finished with 0 Errors
INFO: [Project 1-462] Please refer to the DRC report (report_drc) for more information.

Time (s): cpu = 00:00:02 ; elapsed = 00:00:02 . Memory (MB): peak = 1574.551 ; gain = 0.000

Starting Cache Timing Information Task
INFO: [Timing 38-35] Done setting XDC timing constraints.
Ending Cache Timing Information Task | Checksum: 21d6c4a87

Time (s): cpu = 00:00:01 ; elapsed = 00:00:00.169 . Memory (MB): peak = 1592.457 ; gain = 17.906

Starting Logic Optimization Task

Phase 1 Initialization

Phase 1.1 Core Generation And Design Setup
Phase 1.1 Core Generation And Design Setup | Checksum: 21d6c4a87

Time (s): cpu = 00:00:00 ; elapsed = 00:00:00.003 . Memory (MB): peak = 1947.828 ; gain = 0.000

Phase 1.2 Setup Constraints And Sort Netlist
Phase 1.2 Setup Constraints And Sort Netlist | Checksum: 21d6c4a87

Time (s): cpu = 00:00:00 ; elapsed = 00:00:00.007 . Memory (MB): peak = 1947.828 ; gain = 0.000
Phase 1 Initialization | Checksum: 21d6c4a87

Time (s): cpu = 00:00:00 ; elapsed = 00:00:00.008 . Memory (MB): peak = 1947.828 ; gain = 0.000

Phase 2 Timer Update And Timing Data Collection

Phase 2.1 Timer Update
Phase 2.1 Timer Update | Checksum: 21d6c4a87

Time (s): cpu = 00:00:00 ; elapsed = 00:00:00.114 . Memory (MB): peak = 1947.828 ; gain = 0.000

Phase 2.2 Timing Data Collection
Phase 2.2 Timing Data Collection | Checksum: 21d6c4a87

Time (s): cpu = 00:00:00 ; elapsed = 00:00:00.125 . Memory (MB): peak = 1947.828 ; gain = 0.000
Phase 2 Timer Update And Timing Data Collection | Checksum: 21d6c4a87

Time (s): cpu = 00:00:00 ; elapsed = 00:00:00.126 . Memory (MB): peak = 1947.828 ; gain = 0.000

Phase 3 Retarget
INFO: [Opt 31-138] Pushed 0 inverter(s) to 0 load pin(s).
INFO: [Opt 31-49] Retargeted 0 cell(s).
Phase 3 Retarget | Checksum: 21d6c4a87

Time (s): cpu = 00:00:00 ; elapsed = 00:00:00.182 . Memory (MB): peak = 1947.828 ; gain = 0.000
Retarget | Checksum: 21d6c4a87
INFO: [Opt 31-389] Phase Retarget created 0 cells and removed 0 cells

Phase 4 Constant propagation
INFO: [Opt 31-138] Pushed 0 inverter(s) to 0 load pin(s).
Phase 4 Constant propagation | Checksum: 205536cf4

Time (s): cpu = 00:00:00 ; elapsed = 00:00:00.223 . Memory (MB): peak = 1947.828 ; gain = 0.000
Constant propagation | Checksum: 205536cf4
INFO: [Opt 31-389] Phase Constant propagation created 0 cells and removed 0 cells

Phase 5 Sweep
Phase 5 Sweep | Checksum: 1525bda5e

Time (s): cpu = 00:00:00 ; elapsed = 00:00:00.300 . Memory (MB): peak = 1947.828 ; gain = 0.000
Sweep | Checksum: 1525bda5e
INFO: [Opt 31-389] Phase Sweep created 20 cells and removed 0 cells

Phase 6 BUFG optimization
Phase 6 BUFG optimization | Checksum: 1525bda5e

Time (s): cpu = 00:00:01 ; elapsed = 00:00:00.384 . Memory (MB): peak = 1947.828 ; gain = 0.000
BUFG optimization | Checksum: 1525bda5e
INFO: [Opt 31-662] Phase BUFG optimization created 0 cells of which 0 are BUFGs and removed 0 cells.

Phase 7 Shift Register Optimization
INFO: [Opt 31-1064] SRL Remap converted 0 SRLs to 0 registers and converted 0 registers of register chains to 0 SRLs
Phase 7 Shift Register Optimization | Checksum: 1525bda5e

Time (s): cpu = 00:00:01 ; elapsed = 00:00:00.389 . Memory (MB): peak = 1947.828 ; gain = 0.000
Shift Register Optimization | Checksum: 1525bda5e
INFO: [Opt 31-389] Phase Shift Register Optimization created 0 cells and removed 0 cells

Phase 8 Post Processing Netlist
Phase 8 Post Processing Netlist | Checksum: 23858403a

Time (s): cpu = 00:00:01 ; elapsed = 00:00:00.402 . Memory (MB): peak = 1947.828 ; gain = 0.000
Post Processing Netlist | Checksum: 23858403a
INFO: [Opt 31-389] Phase Post Processing Netlist created 0 cells and removed 0 cells

Phase 9 Finalization

Phase 9.1 Finalizing Design Cores and Updating Shapes
Phase 9.1 Finalizing Design Cores and Updating Shapes | Checksum: 1cc20b017

Time (s): cpu = 00:00:01 ; elapsed = 00:00:00.481 . Memory (MB): peak = 1947.828 ; gain = 0.000

Phase 9.2 Verifying Netlist Connectivity

Starting Connectivity Check Task

Time (s): cpu = 00:00:00 ; elapsed = 00:00:00.012 . Memory (MB): peak = 1947.828 ; gain = 0.000
Phase 9.2 Verifying Netlist Connectivity | Checksum: 1cc20b017

Time (s): cpu = 00:00:01 ; elapsed = 00:00:00.495 . Memory (MB): peak = 1947.828 ; gain = 0.000
Phase 9 Finalization | Checksum: 1cc20b017

Time (s): cpu = 00:00:01 ; elapsed = 00:00:00.498 . Memory (MB): peak = 1947.828 ; gain = 0.000
Opt_design Change Summary
=========================


-------------------------------------------------------------------------------------------------------------------------
|  Phase                        |  #Cells created  |  #Cells Removed  |  #Constrained objects preventing optimizations  |
-------------------------------------------------------------------------------------------------------------------------
|  Retarget                     |               0  |               0  |                                              0  |
|  Constant propagation         |               0  |               0  |                                              0  |
|  Sweep                        |              20  |               0  |                                              0  |
|  BUFG optimization            |               0  |               0  |                                              0  |
|  Shift Register Optimization  |               0  |               0  |                                              0  |
|  Post Processing Netlist      |               0  |               0  |                                              0  |
-------------------------------------------------------------------------------------------------------------------------


Ending Logic Optimization Task | Checksum: 1cc20b017

Time (s): cpu = 00:00:01 ; elapsed = 00:00:00.503 . Memory (MB): peak = 1947.828 ; gain = 0.000
INFO: [Constraints 18-11670] Building netlist checker database with flags, 0x8
Done building netlist checker database: Time (s): cpu = 00:00:00 ; elapsed = 00:00:00.001 . Memory (MB): peak = 1947.828 ; gain = 0.000

Starting Power Optimization Task
INFO: [Pwropt 34-132] Skipping clock gating for clocks with a period < 2.00 ns.
Ending Power Optimization Task | Checksum: 1cc20b017

Time (s): cpu = 00:00:00 ; elapsed = 00:00:00.025 . Memory (MB): peak = 1947.828 ; gain = 0.000

Starting Final Cleanup Task
Ending Final Cleanup Task | Checksum: 1cc20b017

Time (s): cpu = 00:00:00 ; elapsed = 00:00:00.001 . Memory (MB): peak = 1947.828 ; gain = 0.000

Starting Netlist Obfuscation Task
Netlist sorting complete. Time (s): cpu = 00:00:00 ; elapsed = 00:00:00.001 . Memory (MB): peak = 1947.828 ; gain = 0.000
Ending Netlist Obfuscation Task | Checksum: 1cc20b017

Time (s): cpu = 00:00:00 ; elapsed = 00:00:00.003 . Memory (MB): peak = 1947.828 ; gain = 0.000
INFO: [Common 17-83] Releasing license: Implementation
26 Infos, 1 Warnings, 0 Critical Warnings and 0 Errors encountered.
opt_design completed successfully
opt_design: Time (s): cpu = 00:00:09 ; elapsed = 00:00:08 . Memory (MB): peak = 1947.828 ; gain = 373.277
INFO: [runtcl-4] Executing : report_drc -file alchitry_top_drc_opted.rpt -pb alchitry_top_drc_opted.pb -rpx alchitry_top_drc_opted.rpx
Command: report_drc -file alchitry_top_drc_opted.rpt -pb alchitry_top_drc_opted.pb -rpx alchitry_top_drc_opted.rpx
INFO: [IP_Flow 19-234] Refreshing IP repositories
INFO: [IP_Flow 19-1704] No user IP repositories specified
INFO: [IP_Flow 19-2313] Loaded Vivado IP repository 'C:/Xilinx/Vivado/2023.2/data/ip'.
INFO: [DRC 23-27] Running DRC with 2 threads
INFO: [Vivado_Tcl 2-168] The results of DRC are in file C:/Users/weiya/OneDrive/Desktop/lab3/1d-project-cl03-group-35/build/vivado/LIGHTOUT.runs/impl_1/alchitry_top_drc_opted.rpt.
report_drc completed successfully
INFO: [Timing 38-480] Writing timing data to binary archive.
Wrote PlaceDB: Time (s): cpu = 00:00:00 ; elapsed = 00:00:00.003 . Memory (MB): peak = 1947.828 ; gain = 0.000
Wrote PulsedLatchDB: Time (s): cpu = 00:00:00 ; elapsed = 00:00:00 . Memory (MB): peak = 1947.828 ; gain = 0.000
Writing XDEF routing.
Write ShapeDB Complete: Time (s): cpu = 00:00:00 ; elapsed = 00:00:00.018 . Memory (MB): peak = 1947.828 ; gain = 0.000
Writing XDEF routing logical nets.
Writing XDEF routing special nets.
Wrote RouteStorage: Time (s): cpu = 00:00:00 ; elapsed = 00:00:00.036 . Memory (MB): peak = 1947.828 ; gain = 0.000
Wrote Netlist Cache: Time (s): cpu = 00:00:00 ; elapsed = 00:00:00 . Memory (MB): peak = 1947.828 ; gain = 0.000
Wrote Device Cache: Time (s): cpu = 00:00:00 ; elapsed = 00:00:00.010 . Memory (MB): peak = 1947.828 ; gain = 0.000
Write Physdb Complete: Time (s): cpu = 00:00:00 ; elapsed = 00:00:00.057 . Memory (MB): peak = 1947.828 ; gain = 0.000
INFO: [Common 17-1381] The checkpoint 'C:/Users/weiya/OneDrive/Desktop/lab3/1d-project-cl03-group-35/build/vivado/LIGHTOUT.runs/impl_1/alchitry_top_opt.dcp' has been generated.
Command: place_design
Attempting to get a license for feature 'Implementation' and/or device 'xc7a35t'
INFO: [Common 17-349] Got license for feature 'Implementation' and/or device 'xc7a35t'
INFO: [Common 17-83] Releasing license: Implementation
INFO: [DRC 23-27] Running DRC with 2 threads
INFO: [Vivado_Tcl 4-198] DRC finished with 0 Errors
INFO: [Vivado_Tcl 4-199] Please refer to the DRC report (report_drc) for more information.
Running DRC as a precondition to command place_design
INFO: [DRC 23-27] Running DRC with 2 threads
INFO: [Vivado_Tcl 4-198] DRC finished with 0 Errors
INFO: [Vivado_Tcl 4-199] Please refer to the DRC report (report_drc) for more information.
INFO: [Place 30-611] Multithreading enabled for place_design using a maximum of 2 CPUs

Starting Placer Task

Phase 1 Placer Initialization

Phase 1.1 Placer Initialization Netlist Sorting
Netlist sorting complete. Time (s): cpu = 00:00:00 ; elapsed = 00:00:00.001 . Memory (MB): peak = 1947.828 ; gain = 0.000
Phase 1.1 Placer Initialization Netlist Sorting | Checksum: 1a0ee9724

Time (s): cpu = 00:00:00 ; elapsed = 00:00:00.011 . Memory (MB): peak = 1947.828 ; gain = 0.000
Netlist sorting complete. Time (s): cpu = 00:00:00 ; elapsed = 00:00:00.001 . Memory (MB): peak = 1947.828 ; gain = 0.000

Phase 1.2 IO Placement/ Clock Placement/ Build Placer Device
INFO: [Timing 38-35] Done setting XDC timing constraints.
Phase 1.2 IO Placement/ Clock Placement/ Build Placer Device | Checksum: 16fe288e9

Time (s): cpu = 00:00:01 ; elapsed = 00:00:00.415 . Memory (MB): peak = 1947.828 ; gain = 0.000

Phase 1.3 Build Placer Netlist Model
Phase 1.3 Build Placer Netlist Model | Checksum: 17418e5dd

Time (s): cpu = 00:00:02 ; elapsed = 00:00:01 . Memory (MB): peak = 1947.828 ; gain = 0.000

Phase 1.4 Constrain Clocks/Macros
Phase 1.4 Constrain Clocks/Macros | Checksum: 17418e5dd

Time (s): cpu = 00:00:02 ; elapsed = 00:00:01 . Memory (MB): peak = 1947.828 ; gain = 0.000
Phase 1 Placer Initialization | Checksum: 17418e5dd

Time (s): cpu = 00:00:02 ; elapsed = 00:00:01 . Memory (MB): peak = 1947.828 ; gain = 0.000

Phase 2 Global Placement

Phase 2.1 Floorplanning
Phase 2.1 Floorplanning | Checksum: 21ba607d1

Time (s): cpu = 00:00:03 ; elapsed = 00:00:02 . Memory (MB): peak = 1947.828 ; gain = 0.000

Phase 2.2 Update Timing before SLR Path Opt
Phase 2.2 Update Timing before SLR Path Opt | Checksum: 210fd5466

Time (s): cpu = 00:00:03 ; elapsed = 00:00:02 . Memory (MB): peak = 1947.828 ; gain = 0.000

Phase 2.3 Post-Processing in Floorplanning
Phase 2.3 Post-Processing in Floorplanning | Checksum: 210fd5466

Time (s): cpu = 00:00:03 ; elapsed = 00:00:02 . Memory (MB): peak = 1947.828 ; gain = 0.000

Phase 2.4 Global Placement Core

Phase 2.4.1 UpdateTiming Before Physical Synthesis
Phase 2.4.1 UpdateTiming Before Physical Synthesis | Checksum: 254b8904c

Time (s): cpu = 00:00:07 ; elapsed = 00:00:04 . Memory (MB): peak = 1947.828 ; gain = 0.000

Phase 2.4.2 Physical Synthesis In Placer
INFO: [Physopt 32-1035] Found 0 LUTNM shape to break, 30 LUT instances to create LUTNM shape
INFO: [Physopt 32-1044] Break lutnm for timing: one critical 0, two critical 0, total 0, new lutff created 0
INFO: [Physopt 32-1138] End 1 Pass. Optimized 12 nets or LUTs. Breaked 0 LUT, combined 12 existing LUTs and moved 0 existing LUT
INFO: [Physopt 32-65] No nets found for high-fanout optimization.
INFO: [Physopt 32-232] Optimized 0 net. Created 0 new instance.
INFO: [Physopt 32-775] End 1 Pass. Optimized 0 net or cell. Created 0 new cell, deleted 0 existing cell and moved 0 existing cell
INFO: [Physopt 32-670] No setup violation found.  DSP Register Optimization was not performed.
INFO: [Physopt 32-670] No setup violation found.  Shift Register to Pipeline Optimization was not performed.
INFO: [Physopt 32-670] No setup violation found.  Shift Register Optimization was not performed.
INFO: [Physopt 32-670] No setup violation found.  BRAM Register Optimization was not performed.
INFO: [Physopt 32-670] No setup violation found.  URAM Register Optimization was not performed.
INFO: [Physopt 32-949] No candidate nets found for dynamic/static region interface net replication
INFO: [Physopt 32-775] End 1 Pass. Optimized 0 net or cell. Created 0 new cell, deleted 0 existing cell and moved 0 existing cell
Netlist sorting complete. Time (s): cpu = 00:00:00 ; elapsed = 00:00:00.001 . Memory (MB): peak = 1947.828 ; gain = 0.000

Summary of Physical Synthesis Optimizations
============================================


-----------------------------------------------------------------------------------------------------------------------------------------------------------
|  Optimization                                     |  Added Cells  |  Removed Cells  |  Optimized Cells/Nets  |  Dont Touch  |  Iterations  |  Elapsed   |
-----------------------------------------------------------------------------------------------------------------------------------------------------------
|  LUT Combining                                    |            0  |             12  |                    12  |           0  |           1  |  00:00:00  |
|  Retime                                           |            0  |              0  |                     0  |           0  |           1  |  00:00:00  |
|  Very High Fanout                                 |            0  |              0  |                     0  |           0  |           1  |  00:00:00  |
|  DSP Register                                     |            0  |              0  |                     0  |           0  |           0  |  00:00:00  |
|  Shift Register to Pipeline                       |            0  |              0  |                     0  |           0  |           0  |  00:00:00  |
|  Shift Register                                   |            0  |              0  |                     0  |           0  |           0  |  00:00:00  |
|  BRAM Register                                    |            0  |              0  |                     0  |           0  |           0  |  00:00:00  |
|  URAM Register                                    |            0  |              0  |                     0  |           0  |           0  |  00:00:00  |
|  Dynamic/Static Region Interface Net Replication  |            0  |              0  |                     0  |           0  |           1  |  00:00:00  |
|  Total                                            |            0  |             12  |                    12  |           0  |           4  |  00:00:00  |
-----------------------------------------------------------------------------------------------------------------------------------------------------------


Phase 2.4.2 Physical Synthesis In Placer | Checksum: 204465003

Time (s): cpu = 00:00:08 ; elapsed = 00:00:05 . Memory (MB): peak = 1947.828 ; gain = 0.000
Phase 2.4 Global Placement Core | Checksum: 201abbf3e

Time (s): cpu = 00:00:08 ; elapsed = 00:00:05 . Memory (MB): peak = 1947.828 ; gain = 0.000
Phase 2 Global Placement | Checksum: 201abbf3e

Time (s): cpu = 00:00:08 ; elapsed = 00:00:05 . Memory (MB): peak = 1947.828 ; gain = 0.000

Phase 3 Detail Placement

Phase 3.1 Commit Multi Column Macros
Phase 3.1 Commit Multi Column Macros | Checksum: 165e902e6

Time (s): cpu = 00:00:09 ; elapsed = 00:00:05 . Memory (MB): peak = 1947.828 ; gain = 0.000

Phase 3.2 Commit Most Macros & LUTRAMs
Phase 3.2 Commit Most Macros & LUTRAMs | Checksum: 13b296dd6

Time (s): cpu = 00:00:09 ; elapsed = 00:00:06 . Memory (MB): peak = 1947.828 ; gain = 0.000

Phase 3.3 Area Swap Optimization
Phase 3.3 Area Swap Optimization | Checksum: d3162572

Time (s): cpu = 00:00:10 ; elapsed = 00:00:06 . Memory (MB): peak = 1947.828 ; gain = 0.000

Phase 3.4 Pipeline Register Optimization
Phase 3.4 Pipeline Register Optimization | Checksum: b87fd375

Time (s): cpu = 00:00:10 ; elapsed = 00:00:06 . Memory (MB): peak = 1947.828 ; gain = 0.000

Phase 3.5 Small Shape Detail Placement
Phase 3.5 Small Shape Detail Placement | Checksum: fd649598

Time (s): cpu = 00:00:12 ; elapsed = 00:00:08 . Memory (MB): peak = 1947.828 ; gain = 0.000

Phase 3.6 Re-assign LUT pins
Phase 3.6 Re-assign LUT pins | Checksum: d058a678

Time (s): cpu = 00:00:12 ; elapsed = 00:00:08 . Memory (MB): peak = 1947.828 ; gain = 0.000

Phase 3.7 Pipeline Register Optimization
Phase 3.7 Pipeline Register Optimization | Checksum: 1161ddda7

Time (s): cpu = 00:00:12 ; elapsed = 00:00:08 . Memory (MB): peak = 1947.828 ; gain = 0.000
Phase 3 Detail Placement | Checksum: 1161ddda7

Time (s): cpu = 00:00:12 ; elapsed = 00:00:08 . Memory (MB): peak = 1947.828 ; gain = 0.000

Phase 4 Post Placement Optimization and Clean-Up

Phase 4.1 Post Commit Optimization
INFO: [Timing 38-35] Done setting XDC timing constraints.

Phase 4.1.1 Post Placement Optimization
Post Placement Optimization Initialization | Checksum: 104b8eabf

Phase 4.1.1.1 BUFG Insertion

Starting Physical Synthesis Task

Phase 1 Physical Synthesis Initialization
INFO: [Physopt 32-721] Multithreading enabled for phys_opt_design using a maximum of 2 CPUs
INFO: [Physopt 32-619] Estimated Timing Summary | WNS=22.422 | TNS=0.000 |
Phase 1 Physical Synthesis Initialization | Checksum: f11c5055

Time (s): cpu = 00:00:00 ; elapsed = 00:00:00.170 . Memory (MB): peak = 1947.828 ; gain = 0.000
INFO: [Place 46-33] Processed net cpu/L_reg/M_reg_rst, BUFG insertion was skipped due to placement/routing conflicts.
INFO: [Place 46-56] BUFG insertion identified 1 candidate nets. Inserted BUFG: 0, Replicated BUFG Driver: 0, Skipped due to Placement/Routing Conflicts: 1, Skipped due to Timing Degradation: 0, Skipped due to netlist editing failed: 0.
Ending Physical Synthesis Task | Checksum: f11c5055

Time (s): cpu = 00:00:01 ; elapsed = 00:00:00.315 . Memory (MB): peak = 1947.828 ; gain = 0.000
Phase 4.1.1.1 BUFG Insertion | Checksum: 104b8eabf

Time (s): cpu = 00:00:15 ; elapsed = 00:00:10 . Memory (MB): peak = 1947.828 ; gain = 0.000

Phase 4.1.1.2 Post Placement Timing Optimization
INFO: [Place 30-746] Post Placement Timing Summary WNS=22.422. For the most accurate timing information please run report_timing.
Phase 4.1.1.2 Post Placement Timing Optimization | Checksum: 12f47b108

Time (s): cpu = 00:00:15 ; elapsed = 00:00:10 . Memory (MB): peak = 1947.828 ; gain = 0.000

Time (s): cpu = 00:00:15 ; elapsed = 00:00:10 . Memory (MB): peak = 1947.828 ; gain = 0.000
Phase 4.1 Post Commit Optimization | Checksum: 12f47b108

Time (s): cpu = 00:00:15 ; elapsed = 00:00:10 . Memory (MB): peak = 1947.828 ; gain = 0.000

Phase 4.2 Post Placement Cleanup
Phase 4.2 Post Placement Cleanup | Checksum: 12f47b108

Time (s): cpu = 00:00:15 ; elapsed = 00:00:10 . Memory (MB): peak = 1947.828 ; gain = 0.000

Phase 4.3 Placer Reporting

Phase 4.3.1 Print Estimated Congestion
INFO: [Place 30-612] Post-Placement Estimated Congestion 
 ____________________________________________________
|           | Global Congestion | Short Congestion  |
| Direction | Region Size       | Region Size       |
|___________|___________________|___________________|
|      North|                1x1|                1x1|
|___________|___________________|___________________|
|      South|                1x1|                1x1|
|___________|___________________|___________________|
|       East|                1x1|                1x1|
|___________|___________________|___________________|
|       West|                1x1|                1x1|
|___________|___________________|___________________|

Phase 4.3.1 Print Estimated Congestion | Checksum: 12f47b108

Time (s): cpu = 00:00:15 ; elapsed = 00:00:10 . Memory (MB): peak = 1947.828 ; gain = 0.000
Phase 4.3 Placer Reporting | Checksum: 12f47b108

Time (s): cpu = 00:00:15 ; elapsed = 00:00:10 . Memory (MB): peak = 1947.828 ; gain = 0.000

Phase 4.4 Final Placement Cleanup
Netlist sorting complete. Time (s): cpu = 00:00:00 ; elapsed = 00:00:00.007 . Memory (MB): peak = 1947.828 ; gain = 0.000

Time (s): cpu = 00:00:15 ; elapsed = 00:00:10 . Memory (MB): peak = 1947.828 ; gain = 0.000
Phase 4 Post Placement Optimization and Clean-Up | Checksum: a779740e

Time (s): cpu = 00:00:15 ; elapsed = 00:00:10 . Memory (MB): peak = 1947.828 ; gain = 0.000
Ending Placer Task | Checksum: 3e1bfa68

Time (s): cpu = 00:00:15 ; elapsed = 00:00:10 . Memory (MB): peak = 1947.828 ; gain = 0.000
64 Infos, 1 Warnings, 0 Critical Warnings and 0 Errors encountered.
place_design completed successfully
place_design: Time (s): cpu = 00:00:16 ; elapsed = 00:00:11 . Memory (MB): peak = 1947.828 ; gain = 0.000
INFO: [runtcl-4] Executing : report_io -file alchitry_top_io_placed.rpt
report_io: Time (s): cpu = 00:00:00 ; elapsed = 00:00:00.119 . Memory (MB): peak = 1947.828 ; gain = 0.000
INFO: [runtcl-4] Executing : report_utilization -file alchitry_top_utilization_placed.rpt -pb alchitry_top_utilization_placed.pb
INFO: [runtcl-4] Executing : report_control_sets -verbose -file alchitry_top_control_sets_placed.rpt
report_control_sets: Time (s): cpu = 00:00:00 ; elapsed = 00:00:00.014 . Memory (MB): peak = 1947.828 ; gain = 0.000
INFO: [Timing 38-480] Writing timing data to binary archive.
Write ShapeDB Complete: Time (s): cpu = 00:00:00 ; elapsed = 00:00:00.026 . Memory (MB): peak = 1947.828 ; gain = 0.000
Wrote PlaceDB: Time (s): cpu = 00:00:01 ; elapsed = 00:00:00.417 . Memory (MB): peak = 1947.828 ; gain = 0.000
Wrote PulsedLatchDB: Time (s): cpu = 00:00:00 ; elapsed = 00:00:00 . Memory (MB): peak = 1947.828 ; gain = 0.000
Writing XDEF routing.
Writing XDEF routing logical nets.
Writing XDEF routing special nets.
Wrote RouteStorage: Time (s): cpu = 00:00:00 ; elapsed = 00:00:00.042 . Memory (MB): peak = 1947.828 ; gain = 0.000
Wrote Netlist Cache: Time (s): cpu = 00:00:00 ; elapsed = 00:00:00.014 . Memory (MB): peak = 1947.828 ; gain = 0.000
Wrote Device Cache: Time (s): cpu = 00:00:00 ; elapsed = 00:00:00.013 . Memory (MB): peak = 1947.828 ; gain = 0.000
Write Physdb Complete: Time (s): cpu = 00:00:01 ; elapsed = 00:00:00.501 . Memory (MB): peak = 1947.828 ; gain = 0.000
INFO: [Common 17-1381] The checkpoint 'C:/Users/weiya/OneDrive/Desktop/lab3/1d-project-cl03-group-35/build/vivado/LIGHTOUT.runs/impl_1/alchitry_top_placed.dcp' has been generated.
Command: phys_opt_design
Attempting to get a license for feature 'Implementation' and/or device 'xc7a35t'
INFO: [Common 17-349] Got license for feature 'Implementation' and/or device 'xc7a35t'

Starting Initial Update Timing Task

Time (s): cpu = 00:00:01 ; elapsed = 00:00:00.686 . Memory (MB): peak = 1952.164 ; gain = 4.336
INFO: [Vivado_Tcl 4-383] Design worst setup slack (WNS) is greater than or equal to 0.000 ns. Skipping all physical synthesis optimizations.
INFO: [Vivado_Tcl 4-232] No setup violation found. The netlist was not modified.
INFO: [Common 17-83] Releasing license: Implementation
73 Infos, 1 Warnings, 0 Critical Warnings and 0 Errors encountered.
phys_opt_design completed successfully
INFO: [Timing 38-480] Writing timing data to binary archive.
Write ShapeDB Complete: Time (s): cpu = 00:00:00 ; elapsed = 00:00:00.017 . Memory (MB): peak = 1972.020 ; gain = 1.938
Wrote PlaceDB: Time (s): cpu = 00:00:01 ; elapsed = 00:00:00.376 . Memory (MB): peak = 1972.020 ; gain = 0.000
Wrote PulsedLatchDB: Time (s): cpu = 00:00:00 ; elapsed = 00:00:00 . Memory (MB): peak = 1972.020 ; gain = 0.000
Writing XDEF routing.
Writing XDEF routing logical nets.
Writing XDEF routing special nets.
Wrote RouteStorage: Time (s): cpu = 00:00:00 ; elapsed = 00:00:00.020 . Memory (MB): peak = 1972.020 ; gain = 0.000
Wrote Netlist Cache: Time (s): cpu = 00:00:00 ; elapsed = 00:00:00.006 . Memory (MB): peak = 1972.020 ; gain = 0.000
Wrote Device Cache: Time (s): cpu = 00:00:00 ; elapsed = 00:00:00.006 . Memory (MB): peak = 1972.020 ; gain = 0.000
Write Physdb Complete: Time (s): cpu = 00:00:01 ; elapsed = 00:00:00.416 . Memory (MB): peak = 1972.020 ; gain = 1.938
INFO: [Common 17-1381] The checkpoint 'C:/Users/weiya/OneDrive/Desktop/lab3/1d-project-cl03-group-35/build/vivado/LIGHTOUT.runs/impl_1/alchitry_top_physopt.dcp' has been generated.
Command: route_design
Attempting to get a license for feature 'Implementation' and/or device 'xc7a35t'
INFO: [Common 17-349] Got license for feature 'Implementation' and/or device 'xc7a35t'
Running DRC as a precondition to command route_design
INFO: [DRC 23-27] Running DRC with 2 threads
INFO: [Vivado_Tcl 4-198] DRC finished with 0 Errors
INFO: [Vivado_Tcl 4-199] Please refer to the DRC report (report_drc) for more information.


Starting Routing Task
INFO: [Route 35-254] Multithreading enabled for route_design using a maximum of 8 CPUs

Phase 1 Build RT Design
Checksum: PlaceDB: 148e94e4 ConstDB: 0 ShapeSum: 298d6584 RouteDB: 0
Post Restoration Checksum: NetGraph: a3c71cea | NumContArr: 22ac5a49 | Constraints: c2a8fa9d | Timing: c2a8fa9d
Phase 1 Build RT Design | Checksum: 24bc56c6d

Time (s): cpu = 00:00:38 ; elapsed = 00:00:33 . Memory (MB): peak = 2086.461 ; gain = 98.762

Phase 2 Router Initialization

Phase 2.1 Fix Topology Constraints
Phase 2.1 Fix Topology Constraints | Checksum: 24bc56c6d

Time (s): cpu = 00:00:38 ; elapsed = 00:00:33 . Memory (MB): peak = 2086.461 ; gain = 98.762

Phase 2.2 Pre Route Cleanup
Phase 2.2 Pre Route Cleanup | Checksum: 24bc56c6d

Time (s): cpu = 00:00:38 ; elapsed = 00:00:33 . Memory (MB): peak = 2086.461 ; gain = 98.762
 Number of Nodes with overlaps = 0

Phase 2.3 Update Timing
Phase 2.3 Update Timing | Checksum: 18486d4aa

Time (s): cpu = 00:00:41 ; elapsed = 00:00:35 . Memory (MB): peak = 2114.562 ; gain = 126.863
INFO: [Route 35-416] Intermediate Timing Summary | WNS=24.108 | TNS=0.000  | WHS=-0.068 | THS=-1.908 |


Router Utilization Summary
  Global Vertical Routing Utilization    = 0 %
  Global Horizontal Routing Utilization  = 0 %
  Routable Net Status*
  *Does not include unroutable nets such as driverless and loadless.
  Run report_route_status for detailed report.
  Number of Failed Nets               = 3480
    (Failed Nets is the sum of unrouted and partially routed nets)
  Number of Unrouted Nets             = 3480
  Number of Partially Routed Nets     = 0
  Number of Node Overlaps             = 0

Phase 2 Router Initialization | Checksum: 1e4e4dff7

Time (s): cpu = 00:00:42 ; elapsed = 00:00:36 . Memory (MB): peak = 2125.352 ; gain = 137.652

Phase 3 Initial Routing

Phase 3.1 Global Routing
Phase 3.1 Global Routing | Checksum: 1e4e4dff7

Time (s): cpu = 00:00:42 ; elapsed = 00:00:36 . Memory (MB): peak = 2125.352 ; gain = 137.652

Phase 3.2 Initial Net Routing
Phase 3.2 Initial Net Routing | Checksum: 121b3b41d

Time (s): cpu = 00:00:45 ; elapsed = 00:00:36 . Memory (MB): peak = 2125.352 ; gain = 137.652
Phase 3 Initial Routing | Checksum: 121b3b41d

Time (s): cpu = 00:00:45 ; elapsed = 00:00:36 . Memory (MB): peak = 2125.352 ; gain = 137.652

Phase 4 Rip-up And Reroute

Phase 4.1 Global Iteration 0
 Number of Nodes with overlaps = 1236
 Number of Nodes with overlaps = 336
 Number of Nodes with overlaps = 100
 Number of Nodes with overlaps = 73
 Number of Nodes with overlaps = 47
 Number of Nodes with overlaps = 23
 Number of Nodes with overlaps = 15
 Number of Nodes with overlaps = 5
 Number of Nodes with overlaps = 1
 Number of Nodes with overlaps = 1
 Number of Nodes with overlaps = 0
INFO: [Route 35-416] Intermediate Timing Summary | WNS=23.061 | TNS=0.000  | WHS=N/A    | THS=N/A    |

Phase 4.1 Global Iteration 0 | Checksum: 211aa6929

Time (s): cpu = 00:01:04 ; elapsed = 00:00:49 . Memory (MB): peak = 2125.352 ; gain = 137.652
Phase 4 Rip-up And Reroute | Checksum: 211aa6929

Time (s): cpu = 00:01:04 ; elapsed = 00:00:49 . Memory (MB): peak = 2125.352 ; gain = 137.652

Phase 5 Delay and Skew Optimization

Phase 5.1 Delay CleanUp

Phase 5.1.1 Update Timing
Phase 5.1.1 Update Timing | Checksum: 248f7b2a9

Time (s): cpu = 00:01:05 ; elapsed = 00:00:49 . Memory (MB): peak = 2125.352 ; gain = 137.652
INFO: [Route 35-416] Intermediate Timing Summary | WNS=23.154 | TNS=0.000  | WHS=N/A    | THS=N/A    |

Phase 5.1 Delay CleanUp | Checksum: 248f7b2a9

Time (s): cpu = 00:01:05 ; elapsed = 00:00:49 . Memory (MB): peak = 2125.352 ; gain = 137.652

Phase 5.2 Clock Skew Optimization
Phase 5.2 Clock Skew Optimization | Checksum: 248f7b2a9

Time (s): cpu = 00:01:05 ; elapsed = 00:00:49 . Memory (MB): peak = 2125.352 ; gain = 137.652
Phase 5 Delay and Skew Optimization | Checksum: 248f7b2a9

Time (s): cpu = 00:01:05 ; elapsed = 00:00:49 . Memory (MB): peak = 2125.352 ; gain = 137.652

Phase 6 Post Hold Fix

Phase 6.1 Hold Fix Iter

Phase 6.1.1 Update Timing
Phase 6.1.1 Update Timing | Checksum: 1a53a2176

Time (s): cpu = 00:01:05 ; elapsed = 00:00:49 . Memory (MB): peak = 2125.352 ; gain = 137.652
INFO: [Route 35-416] Intermediate Timing Summary | WNS=23.154 | TNS=0.000  | WHS=0.235  | THS=0.000  |

Phase 6.1 Hold Fix Iter | Checksum: 2593da0a7

Time (s): cpu = 00:01:05 ; elapsed = 00:00:49 . Memory (MB): peak = 2125.352 ; gain = 137.652
Phase 6 Post Hold Fix | Checksum: 2593da0a7

Time (s): cpu = 00:01:05 ; elapsed = 00:00:49 . Memory (MB): peak = 2125.352 ; gain = 137.652

Phase 7 Route finalize

Router Utilization Summary
  Global Vertical Routing Utilization    = 1.18225 %
  Global Horizontal Routing Utilization  = 1.48621 %
  Routable Net Status*
  *Does not include unroutable nets such as driverless and loadless.
  Run report_route_status for detailed report.
  Number of Failed Nets               = 0
    (Failed Nets is the sum of unrouted and partially routed nets)
  Number of Unrouted Nets             = 0
  Number of Partially Routed Nets     = 0
  Number of Node Overlaps             = 0

Phase 7 Route finalize | Checksum: 2593da0a7

Time (s): cpu = 00:01:06 ; elapsed = 00:00:49 . Memory (MB): peak = 2125.352 ; gain = 137.652

Phase 8 Verifying routed nets

 Verification completed successfully
Phase 8 Verifying routed nets | Checksum: 2593da0a7

Time (s): cpu = 00:01:06 ; elapsed = 00:00:49 . Memory (MB): peak = 2125.352 ; gain = 137.652

Phase 9 Depositing Routes
Phase 9 Depositing Routes | Checksum: 30b9123e7

Time (s): cpu = 00:01:07 ; elapsed = 00:00:50 . Memory (MB): peak = 2125.352 ; gain = 137.652

Phase 10 Post Router Timing
INFO: [Route 35-57] Estimated Timing Summary | WNS=23.154 | TNS=0.000  | WHS=0.235  | THS=0.000  |

INFO: [Route 35-327] The final timing numbers are based on the router estimated timing analysis. For a complete and accurate timing signoff, please run report_timing_summary.
Phase 10 Post Router Timing | Checksum: 30b9123e7

Time (s): cpu = 00:01:07 ; elapsed = 00:00:50 . Memory (MB): peak = 2125.352 ; gain = 137.652
INFO: [Route 35-16] Router Completed Successfully

Phase 11 Post-Route Event Processing
Phase 11 Post-Route Event Processing | Checksum: 16d1a63f3

Time (s): cpu = 00:01:07 ; elapsed = 00:00:50 . Memory (MB): peak = 2125.352 ; gain = 137.652
Ending Routing Task | Checksum: 16d1a63f3

Time (s): cpu = 00:01:07 ; elapsed = 00:00:50 . Memory (MB): peak = 2125.352 ; gain = 137.652

Routing Is Done.
INFO: [Common 17-83] Releasing license: Implementation
88 Infos, 1 Warnings, 0 Critical Warnings and 0 Errors encountered.
route_design completed successfully
route_design: Time (s): cpu = 00:01:09 ; elapsed = 00:00:51 . Memory (MB): peak = 2125.352 ; gain = 153.332
INFO: [runtcl-4] Executing : report_drc -file alchitry_top_drc_routed.rpt -pb alchitry_top_drc_routed.pb -rpx alchitry_top_drc_routed.rpx
Command: report_drc -file alchitry_top_drc_routed.rpt -pb alchitry_top_drc_routed.pb -rpx alchitry_top_drc_routed.rpx
INFO: [IP_Flow 19-1839] IP Catalog is up to date.
INFO: [DRC 23-27] Running DRC with 2 threads
INFO: [Vivado_Tcl 2-168] The results of DRC are in file C:/Users/weiya/OneDrive/Desktop/lab3/1d-project-cl03-group-35/build/vivado/LIGHTOUT.runs/impl_1/alchitry_top_drc_routed.rpt.
report_drc completed successfully
INFO: [runtcl-4] Executing : report_methodology -file alchitry_top_methodology_drc_routed.rpt -pb alchitry_top_methodology_drc_routed.pb -rpx alchitry_top_methodology_drc_routed.rpx
Command: report_methodology -file alchitry_top_methodology_drc_routed.rpt -pb alchitry_top_methodology_drc_routed.pb -rpx alchitry_top_methodology_drc_routed.rpx
INFO: [Timing 38-35] Done setting XDC timing constraints.
INFO: [DRC 23-133] Running Methodology with 2 threads
INFO: [Vivado_Tcl 2-1520] The results of Report Methodology are in file C:/Users/weiya/OneDrive/Desktop/lab3/1d-project-cl03-group-35/build/vivado/LIGHTOUT.runs/impl_1/alchitry_top_methodology_drc_routed.rpt.
report_methodology completed successfully
INFO: [runtcl-4] Executing : report_power -file alchitry_top_power_routed.rpt -pb alchitry_top_power_summary_routed.pb -rpx alchitry_top_power_routed.rpx
Command: report_power -file alchitry_top_power_routed.rpt -pb alchitry_top_power_summary_routed.pb -rpx alchitry_top_power_routed.rpx
INFO: [Timing 38-35] Done setting XDC timing constraints.
Running Vector-less Activity Propagation...

Finished Running Vector-less Activity Propagation
98 Infos, 1 Warnings, 0 Critical Warnings and 0 Errors encountered.
report_power completed successfully
INFO: [runtcl-4] Executing : report_route_status -file alchitry_top_route_status.rpt -pb alchitry_top_route_status.pb
INFO: [runtcl-4] Executing : report_timing_summary -max_paths 10 -report_unconstrained -file alchitry_top_timing_summary_routed.rpt -pb alchitry_top_timing_summary_routed.pb -rpx alchitry_top_timing_summary_routed.rpx -warn_on_violation 
INFO: [Timing 38-91] UpdateTimingParams: Speed grade: -1, Delay Type: min_max.
INFO: [Timing 38-191] Multithreading enabled for timing update using a maximum of 2 CPUs
INFO: [runtcl-4] Executing : report_incremental_reuse -file alchitry_top_incremental_reuse_routed.rpt
INFO: [Vivado_Tcl 4-1062] Incremental flow is disabled. No incremental reuse Info to report.
INFO: [runtcl-4] Executing : report_clock_utilization -file alchitry_top_clock_utilization_routed.rpt
INFO: [runtcl-4] Executing : report_bus_skew -warn_on_violation -file alchitry_top_bus_skew_routed.rpt -pb alchitry_top_bus_skew_routed.pb -rpx alchitry_top_bus_skew_routed.rpx
INFO: [Timing 38-91] UpdateTimingParams: Speed grade: -1, Delay Type: min_max.
INFO: [Timing 38-191] Multithreading enabled for timing update using a maximum of 2 CPUs
INFO: [Timing 38-480] Writing timing data to binary archive.
Write ShapeDB Complete: Time (s): cpu = 00:00:00 ; elapsed = 00:00:00.013 . Memory (MB): peak = 2128.957 ; gain = 0.000
Wrote PlaceDB: Time (s): cpu = 00:00:00 ; elapsed = 00:00:00.316 . Memory (MB): peak = 2128.957 ; gain = 0.000
Wrote PulsedLatchDB: Time (s): cpu = 00:00:00 ; elapsed = 00:00:00 . Memory (MB): peak = 2128.957 ; gain = 0.000
Writing XDEF routing.
Writing XDEF routing logical nets.
Writing XDEF routing special nets.
Wrote RouteStorage: Time (s): cpu = 00:00:00 ; elapsed = 00:00:00.120 . Memory (MB): peak = 2128.957 ; gain = 0.000
Wrote Netlist Cache: Time (s): cpu = 00:00:00 ; elapsed = 00:00:00.011 . Memory (MB): peak = 2128.957 ; gain = 0.000
Wrote Device Cache: Time (s): cpu = 00:00:00 ; elapsed = 00:00:00.010 . Memory (MB): peak = 2128.957 ; gain = 0.000
Write Physdb Complete: Time (s): cpu = 00:00:00 ; elapsed = 00:00:00.468 . Memory (MB): peak = 2128.957 ; gain = 0.000
INFO: [Common 17-1381] The checkpoint 'C:/Users/weiya/OneDrive/Desktop/lab3/1d-project-cl03-group-35/build/vivado/LIGHTOUT.runs/impl_1/alchitry_top_routed.dcp' has been generated.
Command: write_bitstream -force alchitry_top.bit -bin_file
Attempting to get a license for feature 'Implementation' and/or device 'xc7a35t'
INFO: [Common 17-349] Got license for feature 'Implementation' and/or device 'xc7a35t'
Running DRC as a precondition to command write_bitstream
INFO: [IP_Flow 19-1839] IP Catalog is up to date.
INFO: [DRC 23-27] Running DRC with 2 threads
INFO: [Vivado 12-3199] DRC finished with 0 Errors
INFO: [Vivado 12-3200] Please refer to the DRC report (report_drc) for more information.
INFO: [Designutils 20-2272] Running write_bitstream with 2 threads.
Loading data files...
Loading site data...
Loading route data...
Processing options...
Creating bitmap...
Creating bitstream...
Bitstream compression saved 11929152 bits.
Writing bitstream ./alchitry_top.bit...
Writing bitstream ./alchitry_top.bin...
INFO: [Vivado 12-1842] Bitgen Completed Successfully.
INFO: [Project 1-1876] WebTalk data collection is mandatory when using a ULT device. To see the specific WebTalk data collected for your design, open the usage_statistics_webtalk.html or usage_statistics_webtalk.xml file in the implementation directory.
INFO: [Common 17-83] Releasing license: Implementation
14 Infos, 0 Warnings, 0 Critical Warnings and 0 Errors encountered.
write_bitstream completed successfully
write_bitstream: Time (s): cpu = 00:00:21 ; elapsed = 00:00:19 . Memory (MB): peak = 2568.168 ; gain = 439.211
INFO: [Common 17-206] Exiting Vivado at Wed Apr 16 07:15:52 2025...
